2023-06-06 21:13:02,940 INFO ru.friend.crm.CrmApplication [main] Starting CrmApplication using Java 20.0.1 on DESKTOP-F0OTV0I with PID 7236 (E:\06062023\crm6060\target\classes started by Friend in E:\06062023\crm6060)
2023-06-06 21:13:02,941 DEBUG ru.friend.crm.CrmApplication [main] Running with Spring Boot v2.7.12, Spring v5.3.27
2023-06-06 21:13:02,941 INFO ru.friend.crm.CrmApplication [main] No active profile set, falling back to 1 default profile: "default"
2023-06-06 21:13:03,341 INFO org.springframework.data.repository.config.RepositoryConfigurationDelegate [main] Bootstrapping Spring Data JPA repositories in DEFAULT mode.
2023-06-06 21:13:03,366 INFO org.springframework.data.repository.config.RepositoryConfigurationDelegate [main] Finished Spring Data repository scanning in 21 ms. Found 2 JPA repository interfaces.
2023-06-06 21:13:03,449 INFO org.springframework.cloud.context.scope.GenericScope [main] BeanFactory id=99973b46-d645-3a05-9eb0-ea78e63e37fd
2023-06-06 21:13:03,624 INFO org.springframework.boot.web.embedded.tomcat.TomcatWebServer [main] Tomcat initialized with port(s): 8052 (http)
2023-06-06 21:13:03,628 INFO org.apache.catalina.core.StandardService [main] Starting service [Tomcat]
2023-06-06 21:13:03,628 INFO org.apache.catalina.core.StandardEngine [main] Starting Servlet engine: [Apache Tomcat/9.0.75]
2023-06-06 21:13:03,690 INFO org.apache.catalina.core.ContainerBase.[Tomcat].[localhost].[/] [main] Initializing Spring embedded WebApplicationContext
2023-06-06 21:13:03,690 INFO org.springframework.boot.web.servlet.context.ServletWebServerApplicationContext [main] Root WebApplicationContext: initialization completed in 730 ms
2023-06-06 21:13:03,842 INFO org.hibernate.jpa.internal.util.LogHelper [main] HHH000204: Processing PersistenceUnitInfo [name: default]
2023-06-06 21:13:03,862 INFO org.hibernate.Version [main] HHH000412: Hibernate ORM core version 5.6.15.Final
2023-06-06 21:13:03,913 INFO org.hibernate.annotations.common.Version [main] HCANN000001: Hibernate Commons Annotations {5.1.2.Final}
2023-06-06 21:13:03,959 INFO com.zaxxer.hikari.HikariDataSource [main] HikariPool-1 - Starting...
2023-06-06 21:13:04,042 INFO com.zaxxer.hikari.HikariDataSource [main] HikariPool-1 - Start completed.
2023-06-06 21:13:04,051 INFO org.hibernate.dialect.Dialect [main] HHH000400: Using dialect: org.hibernate.dialect.PostgreSQL10Dialect
2023-06-06 21:13:04,357 INFO org.hibernate.engine.transaction.jta.platform.internal.JtaPlatformInitiator [main] HHH000490: Using JtaPlatform implementation: [org.hibernate.engine.transaction.jta.platform.internal.NoJtaPlatform]
2023-06-06 21:13:04,362 INFO org.springframework.orm.jpa.LocalContainerEntityManagerFactoryBean [main] Initialized JPA EntityManagerFactory for persistence unit 'default'
2023-06-06 21:13:04,528 WARN org.springframework.boot.autoconfigure.orm.jpa.JpaBaseConfiguration$JpaWebConfiguration [main] spring.jpa.open-in-view is enabled by default. Therefore, database queries may be performed during view rendering. Explicitly configure spring.jpa.open-in-view to disable this warning
2023-06-06 21:13:06,006 INFO org.springframework.cloud.commons.util.InetUtils [main] Cannot determine local hostname
2023-06-06 21:13:06,019 INFO org.springframework.boot.actuate.endpoint.web.EndpointLinksResolver [main] Exposing 1 endpoint(s) beneath base path '/actuator'
2023-06-06 21:13:06,064 INFO org.springframework.boot.web.embedded.tomcat.TomcatWebServer [main] Tomcat started on port(s): 8052 (http) with context path ''
2023-06-06 21:13:07,138 INFO org.springframework.cloud.commons.util.InetUtils [main] Cannot determine local hostname
2023-06-06 21:13:07,275 INFO ru.friend.crm.CrmApplication [main] Started CrmApplication in 5.595 seconds (JVM running for 6.364)
2023-06-06 21:13:07,413 INFO org.apache.catalina.core.ContainerBase.[Tomcat].[localhost].[/] [RMI TCP Connection(5)-192.168.128.1] Initializing Spring DispatcherServlet 'dispatcherServlet'
2023-06-06 21:13:07,413 INFO org.springframework.web.servlet.DispatcherServlet [RMI TCP Connection(5)-192.168.128.1] Initializing Servlet 'dispatcherServlet'
2023-06-06 21:13:07,414 INFO org.springframework.web.servlet.DispatcherServlet [RMI TCP Connection(5)-192.168.128.1] Completed initialization in 1 ms
2023-06-06 21:13:08,861 INFO org.springframework.orm.jpa.LocalContainerEntityManagerFactoryBean [SpringApplicationShutdownHook] Closing JPA EntityManagerFactory for persistence unit 'default'
2023-06-06 21:13:08,863 INFO com.zaxxer.hikari.HikariDataSource [SpringApplicationShutdownHook] HikariPool-1 - Shutdown initiated...
2023-06-06 21:13:08,865 INFO com.zaxxer.hikari.HikariDataSource [SpringApplicationShutdownHook] HikariPool-1 - Shutdown completed.
2023-06-06 21:13:28,010 INFO ru.friend.crm.CrmApplication [main] Starting CrmApplication using Java 20.0.1 on DESKTOP-F0OTV0I with PID 16548 (E:\06062023\crm6060\target\classes started by Friend in E:\06062023\crm6060)
2023-06-06 21:13:28,011 DEBUG ru.friend.crm.CrmApplication [main] Running with Spring Boot v2.7.12, Spring v5.3.27
2023-06-06 21:13:28,011 INFO ru.friend.crm.CrmApplication [main] No active profile set, falling back to 1 default profile: "default"
2023-06-06 21:13:28,412 INFO org.springframework.data.repository.config.RepositoryConfigurationDelegate [main] Bootstrapping Spring Data JPA repositories in DEFAULT mode.
2023-06-06 21:13:28,435 INFO org.springframework.data.repository.config.RepositoryConfigurationDelegate [main] Finished Spring Data repository scanning in 19 ms. Found 2 JPA repository interfaces.
2023-06-06 21:13:28,517 INFO org.springframework.cloud.context.scope.GenericScope [main] BeanFactory id=99973b46-d645-3a05-9eb0-ea78e63e37fd
2023-06-06 21:13:28,686 INFO org.springframework.boot.web.embedded.tomcat.TomcatWebServer [main] Tomcat initialized with port(s): 8052 (http)
2023-06-06 21:13:28,690 INFO org.apache.catalina.core.StandardService [main] Starting service [Tomcat]
2023-06-06 21:13:28,690 INFO org.apache.catalina.core.StandardEngine [main] Starting Servlet engine: [Apache Tomcat/9.0.75]
2023-06-06 21:13:28,752 INFO org.apache.catalina.core.ContainerBase.[Tomcat].[localhost].[/] [main] Initializing Spring embedded WebApplicationContext
2023-06-06 21:13:28,752 INFO org.springframework.boot.web.servlet.context.ServletWebServerApplicationContext [main] Root WebApplicationContext: initialization completed in 720 ms
2023-06-06 21:13:28,895 INFO org.hibernate.jpa.internal.util.LogHelper [main] HHH000204: Processing PersistenceUnitInfo [name: default]
2023-06-06 21:13:28,912 INFO org.hibernate.Version [main] HHH000412: Hibernate ORM core version 5.6.15.Final
2023-06-06 21:13:28,970 INFO org.hibernate.annotations.common.Version [main] HCANN000001: Hibernate Commons Annotations {5.1.2.Final}
2023-06-06 21:13:29,004 INFO com.zaxxer.hikari.HikariDataSource [main] HikariPool-1 - Starting...
2023-06-06 21:13:29,083 INFO com.zaxxer.hikari.HikariDataSource [main] HikariPool-1 - Start completed.
2023-06-06 21:13:29,092 INFO org.hibernate.dialect.Dialect [main] HHH000400: Using dialect: org.hibernate.dialect.PostgreSQL10Dialect
2023-06-06 21:13:29,388 INFO org.hibernate.engine.transaction.jta.platform.internal.JtaPlatformInitiator [main] HHH000490: Using JtaPlatform implementation: [org.hibernate.engine.transaction.jta.platform.internal.NoJtaPlatform]
2023-06-06 21:13:29,393 INFO org.springframework.orm.jpa.LocalContainerEntityManagerFactoryBean [main] Initialized JPA EntityManagerFactory for persistence unit 'default'
2023-06-06 21:13:29,569 WARN org.springframework.boot.autoconfigure.orm.jpa.JpaBaseConfiguration$JpaWebConfiguration [main] spring.jpa.open-in-view is enabled by default. Therefore, database queries may be performed during view rendering. Explicitly configure spring.jpa.open-in-view to disable this warning
2023-06-06 21:13:30,919 INFO org.springframework.cloud.commons.util.InetUtils [main] Cannot determine local hostname
2023-06-06 21:13:30,938 INFO org.springframework.boot.actuate.endpoint.web.EndpointLinksResolver [main] Exposing 1 endpoint(s) beneath base path '/actuator'
2023-06-06 21:13:30,976 INFO org.springframework.boot.web.embedded.tomcat.TomcatWebServer [main] Tomcat started on port(s): 8052 (http) with context path ''
2023-06-06 21:13:32,048 INFO org.springframework.cloud.commons.util.InetUtils [main] Cannot determine local hostname
2023-06-06 21:13:32,076 INFO ru.friend.crm.CrmApplication [main] Started CrmApplication in 5.347 seconds (JVM running for 5.678)
2023-06-06 21:13:32,421 INFO org.apache.catalina.core.ContainerBase.[Tomcat].[localhost].[/] [RMI TCP Connection(3)-192.168.128.1] Initializing Spring DispatcherServlet 'dispatcherServlet'
2023-06-06 21:13:32,421 INFO org.springframework.web.servlet.DispatcherServlet [RMI TCP Connection(3)-192.168.128.1] Initializing Servlet 'dispatcherServlet'
2023-06-06 21:13:32,422 INFO org.springframework.web.servlet.DispatcherServlet [RMI TCP Connection(3)-192.168.128.1] Completed initialization in 1 ms
2023-06-06 21:14:10,884 DEBUG ru.friend.crm.controller.client.ClientController [http-nio-8052-exec-1] getting all clients
2023-06-06 21:14:14,814 DEBUG ru.friend.crm.controller.client.ClientController [http-nio-8052-exec-3] getting client with id 2 
2023-06-06 21:23:51,142 INFO org.springframework.orm.jpa.LocalContainerEntityManagerFactoryBean [SpringApplicationShutdownHook] Closing JPA EntityManagerFactory for persistence unit 'default'
2023-06-06 21:23:51,144 INFO com.zaxxer.hikari.HikariDataSource [SpringApplicationShutdownHook] HikariPool-1 - Shutdown initiated...
2023-06-06 21:23:51,146 INFO com.zaxxer.hikari.HikariDataSource [SpringApplicationShutdownHook] HikariPool-1 - Shutdown completed.
